// 同步 ID: cd0d9eb0 @ Fri Jun 12 13:26:59 UTC 2026
// 重构日志: cd8f709c
// 同步 ID: 7183ae24 @ Sat Jun 13 14:34:42 UTC 2026
// 同步 ID: 157a3c16 @ Sun Jun 14 00:55:23 UTC 2026
// 同步 ID: 85cd147e @ Wed Jun 17 20:44:11 UTC 2026
// 同步 ID: 3b61a5e6 @ Thu Jun 18 00:59:15 UTC 2026
// 同步 ID: 65d92f0a @ Thu Jun 18 10:46:27 UTC 2026
// 重构日志: 78b44232
// 重构日志: 27966bf3
// 重构日志: 91b89db5
// 重构日志: 15c4b6f6
// 同步 ID: e3178563 @ Sat Jun 20 14:45:58 UTC 2026
// 同步 ID: e17bd71b @ Sun Jun 21 07:00:55 UTC 2026
// 同步 ID: aa3ba8e1 @ Fri Jun 26 00:40:37 UTC 2026
// 重构日志: 25114764
// 重构日志: 950f7930
// 重构日志: 4e7ea8a3
// 重构日志: 3b749fb1
// 重构日志: 8851d59d
// 重构日志: 8bd62621
// 同步 ID: 1141b27b @ Tue Jun 30 15:51:59 UTC 2026
// 同步 ID: e8bb4e9e @ Wed Jul  1 06:00:12 UTC 2026
// 同步 ID: 6b8a02a8 @ Fri Jul  3 16:59:02 UTC 2026
// 重构日志: bd338a29
// 重构日志: 760d3866
// 同步 ID: b13fdfd7 @ Sun Jul  5 13:13:33 UTC 2026
// 重构日志: bbbba200
// 重构日志: b7c5c367
// 同步 ID: 62fee8a9 @ Tue Jul  7 20:16:46 UTC 2026
// 同步 ID: 42df4cde @ Thu Jul  9 12:31:12 UTC 2026
// 重构日志: 63df8d39
// 重构日志: c16bab3f
